Started GET "/" for ::1 at 2020-09-22 23:59:23 +0530
  [1m[35m (16.3ms)[0m  [1m[34mSELECT sqlite_version(*)[0m
  
ActiveRecord::PendingMigrationError (

Migrations are pending. To resolve this issue, run:

        rails db:migrate RAILS_ENV=development

):
  
activerecord (6.0.3.2) lib/active_record/migration.rb:586:in `check_pending!'
activerecord (6.0.3.2) lib/active_record/migration.rb:564:in `call'
actionpack (6.0.3.2) lib/action_dispatch/middleware/callbacks.rb:27:in `block in call'
activesupport (6.0.3.2) lib/active_support/callbacks.rb:101:in `run_callbacks'
actionpack (6.0.3.2) lib/action_dispatch/middleware/callbacks.rb:26:in `call'
actionpack (6.0.3.2) lib/action_dispatch/middleware/executor.rb:14:in `call'
actionpack (6.0.3.2) lib/action_dispatch/middleware/actionable_exceptions.rb:17:in `call'
actionpack (6.0.3.2) lib/action_dispatch/middleware/debug_exceptions.rb:32:in `call'
web-console (4.0.4) lib/web_console/middleware.rb:132:in `call_app'
web-console (4.0.4) lib/web_console/middleware.rb:28:in `block in call'
web-console (4.0.4) lib/web_console/middleware.rb:17:in `catch'
web-console (4.0.4) lib/web_console/middleware.rb:17:in `call'
actionpack (6.0.3.2) lib/action_dispatch/middleware/show_exceptions.rb:33:in `call'
railties (6.0.3.2) lib/rails/rack/logger.rb:37:in `call_app'
railties (6.0.3.2) lib/rails/rack/logger.rb:26:in `block in call'
activesupport (6.0.3.2) lib/active_support/tagged_logging.rb:80:in `block in tagged'
activesupport (6.0.3.2) lib/active_support/tagged_logging.rb:28:in `tagged'
activesupport (6.0.3.2) lib/active_support/tagged_logging.rb:80:in `tagged'
railties (6.0.3.2) lib/rails/rack/logger.rb:26:in `call'
sprockets-rails (3.2.1) lib/sprockets/rails/quiet_assets.rb:13:in `call'
actionpack (6.0.3.2) lib/action_dispatch/middleware/remote_ip.rb:81:in `call'
actionpack (6.0.3.2) lib/action_dispatch/middleware/request_id.rb:27:in `call'
rack (2.2.3) lib/rack/method_override.rb:24:in `call'
rack (2.2.3) lib/rack/runtime.rb:22:in `call'
activesupport (6.0.3.2) lib/active_support/cache/strategy/local_cache_middleware.rb:29:in `call'
actionpack (6.0.3.2) lib/action_dispatch/middleware/executor.rb:14:in `call'
actionpack (6.0.3.2) lib/action_dispatch/middleware/static.rb:126:in `call'
rack (2.2.3) lib/rack/sendfile.rb:110:in `call'
actionpack (6.0.3.2) lib/action_dispatch/middleware/host_authorization.rb:82:in `call'
webpacker (4.3.0) lib/webpacker/dev_server_proxy.rb:23:in `perform_request'
rack-proxy (0.6.5) lib/rack/proxy.rb:57:in `call'
railties (6.0.3.2) lib/rails/engine.rb:527:in `call'
puma (4.3.5) lib/puma/configuration.rb:228:in `call'
puma (4.3.5) lib/puma/server.rb:713:in `handle_request'
puma (4.3.5) lib/puma/server.rb:472:in `process_client'
puma (4.3.5) lib/puma/server.rb:328:in `block in run'
puma (4.3.5) lib/puma/thread_pool.rb:134:in `block in spawn_thread'
Started GET "/" for ::1 at 2020-09-22 23:59:26 +0530
  
ActiveRecord::PendingMigrationError (

Migrations are pending. To resolve this issue, run:

        rails db:migrate RAILS_ENV=development

):
  
activerecord (6.0.3.2) lib/active_record/migration.rb:586:in `check_pending!'
activerecord (6.0.3.2) lib/active_record/migration.rb:564:in `call'
actionpack (6.0.3.2) lib/action_dispatch/middleware/callbacks.rb:27:in `block in call'
activesupport (6.0.3.2) lib/active_support/callbacks.rb:101:in `run_callbacks'
actionpack (6.0.3.2) lib/action_dispatch/middleware/callbacks.rb:26:in `call'
actionpack (6.0.3.2) lib/action_dispatch/middleware/executor.rb:14:in `call'
actionpack (6.0.3.2) lib/action_dispatch/middleware/actionable_exceptions.rb:17:in `call'
actionpack (6.0.3.2) lib/action_dispatch/middleware/debug_exceptions.rb:32:in `call'
web-console (4.0.4) lib/web_console/middleware.rb:132:in `call_app'
web-console (4.0.4) lib/web_console/middleware.rb:28:in `block in call'
web-console (4.0.4) lib/web_console/middleware.rb:17:in `catch'
web-console (4.0.4) lib/web_console/middleware.rb:17:in `call'
actionpack (6.0.3.2) lib/action_dispatch/middleware/show_exceptions.rb:33:in `call'
railties (6.0.3.2) lib/rails/rack/logger.rb:37:in `call_app'
railties (6.0.3.2) lib/rails/rack/logger.rb:26:in `block in call'
activesupport (6.0.3.2) lib/active_support/tagged_logging.rb:80:in `block in tagged'
activesupport (6.0.3.2) lib/active_support/tagged_logging.rb:28:in `tagged'
activesupport (6.0.3.2) lib/active_support/tagged_logging.rb:80:in `tagged'
railties (6.0.3.2) lib/rails/rack/logger.rb:26:in `call'
sprockets-rails (3.2.1) lib/sprockets/rails/quiet_assets.rb:13:in `call'
actionpack (6.0.3.2) lib/action_dispatch/middleware/remote_ip.rb:81:in `call'
actionpack (6.0.3.2) lib/action_dispatch/middleware/request_id.rb:27:in `call'
rack (2.2.3) lib/rack/method_override.rb:24:in `call'
rack (2.2.3) lib/rack/runtime.rb:22:in `call'
activesupport (6.0.3.2) lib/active_support/cache/strategy/local_cache_middleware.rb:29:in `call'
actionpack (6.0.3.2) lib/action_dispatch/middleware/executor.rb:14:in `call'
actionpack (6.0.3.2) lib/action_dispatch/middleware/static.rb:126:in `call'
rack (2.2.3) lib/rack/sendfile.rb:110:in `call'
actionpack (6.0.3.2) lib/action_dispatch/middleware/host_authorization.rb:82:in `call'
webpacker (4.3.0) lib/webpacker/dev_server_proxy.rb:23:in `perform_request'
rack-proxy (0.6.5) lib/rack/proxy.rb:57:in `call'
railties (6.0.3.2) lib/rails/engine.rb:527:in `call'
puma (4.3.5) lib/puma/configuration.rb:228:in `call'
puma (4.3.5) lib/puma/server.rb:713:in `handle_request'
puma (4.3.5) lib/puma/server.rb:472:in `process_client'
puma (4.3.5) lib/puma/server.rb:328:in `block in run'
puma (4.3.5) lib/puma/thread_pool.rb:134:in `block in spawn_thread'
Started POST "/rails/actions" for ::1 at 2020-09-22 23:59:32 +0530
  [1m[35m (126.2ms)[0m  [1m[35mCREATE TABLE "schema_migrations" ("version" varchar NOT NULL PRIMARY KEY)[0m
  [1m[35m (108.9ms)[0m  [1m[35mCREATE TABLE "ar_internal_metadata" ("key" varchar NOT NULL PRIMARY KEY, "value" varchar, "created_at" datetime(6) NOT NULL, "updated_at" datetime(6) NOT NULL)[0m
  [1m[35m (0.3ms)[0m  [1m[34mSELECT "schema_migrations"."version" FROM "schema_migrations" ORDER BY "schema_migrations"."version" ASC[0m
Migrating to CreateArticles (20200819103219)
  [1m[35m (0.1ms)[0m  [1m[36mbegin transaction[0m
  [1m[35m (1.8ms)[0m  [1m[35mCREATE TABLE "articles" ("id" integer PRIMARY KEY AUTOINCREMENT NOT NULL, "title" varchar)[0m
  [1m[36mprimary::SchemaMigration Create (0.3ms)[0m  [1m[32mINSERT INTO "schema_migrations" ("version") VALUES (?)[0m  [["version", "20200819103219"]]
  [1m[35m (115.1ms)[0m  [1m[36mcommit transaction[0m
Migrating to AddColumnToArticles (20200819103750)
  [1m[35m (0.1ms)[0m  [1m[36mbegin transaction[0m
  [1m[35m (1.3ms)[0m  [1m[35mALTER TABLE "articles" ADD "description" text[0m
  [1m[35m (0.4ms)[0m  [1m[35mALTER TABLE "articles" ADD "created_at" datetime[0m
  [1m[35m (0.3ms)[0m  [1m[35mALTER TABLE "articles" ADD "updated_at" datetime[0m
  [1m[36mprimary::SchemaMigration Create (0.3ms)[0m  [1m[32mINSERT INTO "schema_migrations" ("version") VALUES (?)[0m  [["version", "20200819103750"]]
  [1m[35m (95.2ms)[0m  [1m[36mcommit transaction[0m
Migrating to CreateCars (20200820111404)
  [1m[35m (0.1ms)[0m  [1m[36mbegin transaction[0m
  [1m[35m (1.2ms)[0m  [1m[35mCREATE TABLE "cars" ("id" integer PRIMARY KEY AUTOINCREMENT NOT NULL, "ghjkl" varchar)[0m
  [1m[36mprimary::SchemaMigration Create (0.4ms)[0m  [1m[32mINSERT INTO "schema_migrations" ("version") VALUES (?)[0m  [["version", "20200820111404"]]
  [1m[35m (92.5ms)[0m  [1m[36mcommit transaction[0m
Migrating to CreateUsers (20200830113526)
  [1m[35m (0.1ms)[0m  [1m[36mbegin transaction[0m
  [1m[35m (1.4ms)[0m  [1m[35mCREATE TABLE "users" ("id" integer PRIMARY KEY AUTOINCREMENT NOT NULL, "username" varchar, "email" varchar, "created_at" datetime(6) NOT NULL, "updated_at" datetime(6) NOT NULL)[0m
  [1m[36mprimary::SchemaMigration Create (0.2ms)[0m  [1m[32mINSERT INTO "schema_migrations" ("version") VALUES (?)[0m  [["version", "20200830113526"]]
  [1m[35m (96.4ms)[0m  [1m[36mcommit transaction[0m
Migrating to AddUserIdToArticles (20200830115125)
  [1m[35m (0.1ms)[0m  [1m[36mbegin transaction[0m
  [1m[35m (1.5ms)[0m  [1m[35mALTER TABLE "articles" ADD "user_id" int[0m
  [1m[36mprimary::SchemaMigration Create (0.2ms)[0m  [1m[32mINSERT INTO "schema_migrations" ("version") VALUES (?)[0m  [["version", "20200830115125"]]
  [1m[35m (67.1ms)[0m  [1m[36mcommit transaction[0m
Migrating to AddPasswordDigestToUsers (20200830121416)
  [1m[35m (0.1ms)[0m  [1m[36mbegin transaction[0m
  [1m[35m (1.6ms)[0m  [1m[35mALTER TABLE "users" ADD "password_digest" varchar[0m
  [1m[36mprimary::SchemaMigration Create (0.2ms)[0m  [1m[32mINSERT INTO "schema_migrations" ("version") VALUES (?)[0m  [["version", "20200830121416"]]
  [1m[35m (82.3ms)[0m  [1m[36mcommit transaction[0m
Migrating to AddAdminToUsers (20200908050340)
  [1m[35m (0.1ms)[0m  [1m[36mbegin transaction[0m
  [1m[35m (1.6ms)[0m  [1m[35mALTER TABLE "users" ADD "admin" boolean DEFAULT 0[0m
  [1m[36mprimary::SchemaMigration Create (0.3ms)[0m  [1m[32mINSERT INTO "schema_migrations" ("version") VALUES (?)[0m  [["version", "20200908050340"]]
  [1m[35m (83.2ms)[0m  [1m[36mcommit transaction[0m
Migrating to CreateCategories (20200908060751)
  [1m[35m (0.1ms)[0m  [1m[36mbegin transaction[0m
  [1m[35m (1.3ms)[0m  [1m[35mCREATE TABLE "categories" ("id" integer PRIMARY KEY AUTOINCREMENT NOT NULL, "name" varchar, "created_at" datetime(6) NOT NULL, "updated_at" datetime(6) NOT NULL)[0m
  [1m[36mprimary::SchemaMigration Create (0.3ms)[0m  [1m[32mINSERT INTO "schema_migrations" ("version") VALUES (?)[0m  [["version", "20200908060751"]]
  [1m[35m (85.2ms)[0m  [1m[36mcommit transaction[0m
Migrating to AddAuthenticationTokenToUsers (20200916094102)
  [1m[35m (0.1ms)[0m  [1m[36mbegin transaction[0m
  [1m[35m (1.4ms)[0m  [1m[35mALTER TABLE "users" ADD "authentication_token" varchar(30)[0m
  [1m[35m (0.2ms)[0m  [1m[35mCREATE UNIQUE INDEX "index_users_on_authentication_token" ON "users" ("authentication_token")[0m
  [1m[36mprimary::SchemaMigration Create (0.2ms)[0m  [1m[32mINSERT INTO "schema_migrations" ("version") VALUES (?)[0m  [["version", "20200916094102"]]
  [1m[35m (79.8ms)[0m  [1m[36mcommit transaction[0m
  [1m[36mActiveRecord::InternalMetadata Load (0.2ms)[0m  [1m[34mSELECT "ar_internal_metadata".* FROM "ar_internal_metadata" WHERE "ar_internal_metadata"."key" = ? LIMIT ?[0m  [["key", "environment"], ["LIMIT", 1]]
  [1m[35m (0.0ms)[0m  [1m[36mbegin transaction[0m
  [1m[36mActiveRecord::InternalMetadata Create (1.5ms)[0m  [1m[32mINSERT INTO "ar_internal_metadata" ("key", "value", "created_at", "updated_at") VALUES (?, ?, ?, ?)[0m  [["key", "environment"], ["value", "development"], ["created_at", "2020-09-22 18:29:33.450457"], ["updated_at", "2020-09-22 18:29:33.450457"]]
  [1m[35m (99.1ms)[0m  [1m[36mcommit transaction[0m
Started GET "/" for ::1 at 2020-09-22 23:59:33 +0530
  [1m[35m (0.2ms)[0m  [1m[34mSELECT "schema_migrations"."version" FROM "schema_migrations" ORDER BY "schema_migrations"."version" ASC[0m
Processing by PagesController#home as HTML
  Rendering pages/home.html.erb within layouts/application
  Rendered pages/home.html.erb within layouts/application (Duration: 1.6ms | Allocations: 181)
[Webpacker] Compiling...
[Webpacker] Compiled all packs in D:/Programming/ruby_projects/alpha-blog-repo-master/alpha-blog-repo-master/public/packs
[Webpacker] Hash: 5e1995425bb9019f3357
Version: webpack 4.44.1
Time: 5766ms
Built at: 09/22/2020 11:59:44 PM
                                     Asset       Size       Chunks                         Chunk Names
    js/application-51e3483687caf378b077.js    655 KiB  application  [emitted] [immutable]  application
js/application-51e3483687caf378b077.js.map    768 KiB  application  [emitted] [dev]        application
                             manifest.json  364 bytes               [emitted]              
Entrypoint application = js/application-51e3483687caf378b077.js js/application-51e3483687caf378b077.js.map
[./app/javascript/channels sync recursive _channel\.js$] ./app/javascript/channels sync _channel\.js$ 160 bytes {application} [built]
[./app/javascript/channels/index.js] 211 bytes {application} [built]
[./app/javascript/packs/application.js] 771 bytes {application} [built]
[./node_modules/webpack/buildin/global.js] (webpack)/buildin/global.js 905 bytes {application} [built]
[./node_modules/webpack/buildin/module.js] (webpack)/buildin/module.js 552 bytes {application} [built]
    + 6 hidden modules

  Rendered layouts/_navigation.html.erb (Duration: 1.1ms | Allocations: 651)
  Rendered layouts/_messages.html.erb (Duration: 0.8ms | Allocations: 194)
  Rendered layouts/_footer.html.erb (Duration: 0.5ms | Allocations: 134)
Completed 200 OK in 10394ms (Views: 10385.9ms | ActiveRecord: 0.0ms | Allocations: 66527)


Started GET "/signup" for ::1 at 2020-09-22 23:59:53 +0530
Processing by UsersController#new as HTML
  Rendering users/new.html.erb within layouts/application
  Rendered shared/_errors.html.erb (Duration: 0.8ms | Allocations: 198)
  Rendered users/_form.html.erb (Duration: 111.1ms | Allocations: 6618)
  Rendered users/new.html.erb within layouts/application (Duration: 114.8ms | Allocations: 6918)
[Webpacker] Everything's up-to-date. Nothing to do
  Rendered layouts/_navigation.html.erb (Duration: 0.2ms | Allocations: 172)
  Rendered layouts/_messages.html.erb (Duration: 0.0ms | Allocations: 17)
  Rendered layouts/_footer.html.erb (Duration: 0.0ms | Allocations: 26)
Completed 200 OK in 237ms (Views: 181.4ms | ActiveRecord: 0.8ms | Allocations: 22644)


Started GET "/articles" for ::1 at 2020-09-22 23:59:58 +0530
Processing by ArticlesController#index as HTML
  Rendering articles/index.html.erb within layouts/application
  [1m[35m (0.1ms)[0m  [1m[34mSELECT COUNT(*) FROM "articles"[0m
  ↳ app/views/articles/index.html.erb:4
  [1m[36mArticle Load (0.2ms)[0m  [1m[34mSELECT "articles".* FROM "articles" LIMIT ? OFFSET ?[0m  [["LIMIT", 5], ["OFFSET", 0]]
  ↳ app/views/articles/_article.html.erb:2
  Rendered articles/_article.html.erb (Duration: 3.0ms | Allocations: 1041)
  Rendered articles/index.html.erb within layouts/application (Duration: 21.5ms | Allocations: 2628)
[Webpacker] Everything's up-to-date. Nothing to do
  Rendered layouts/_navigation.html.erb (Duration: 0.4ms | Allocations: 188)
  Rendered layouts/_messages.html.erb (Duration: 0.1ms | Allocations: 17)
  Rendered layouts/_footer.html.erb (Duration: 0.1ms | Allocations: 26)
Completed 200 OK in 184ms (Views: 83.4ms | ActiveRecord: 0.8ms | Allocations: 12109)


Started GET "/articles" for ::1 at 2020-09-23 00:00:03 +0530
Processing by ArticlesController#index as HTML
  Rendering articles/index.html.erb within layouts/application
  [1m[35m (0.2ms)[0m  [1m[34mSELECT COUNT(*) FROM "articles"[0m
  ↳ app/views/articles/index.html.erb:4
  [1m[36mArticle Load (0.1ms)[0m  [1m[34mSELECT "articles".* FROM "articles" LIMIT ? OFFSET ?[0m  [["LIMIT", 5], ["OFFSET", 0]]
  ↳ app/views/articles/_article.html.erb:2
  Rendered articles/_article.html.erb (Duration: 2.9ms | Allocations: 661)
  Rendered articles/index.html.erb within layouts/application (Duration: 5.9ms | Allocations: 1454)
[Webpacker] Everything's up-to-date. Nothing to do
  Rendered layouts/_navigation.html.erb (Duration: 0.3ms | Allocations: 177)
  Rendered layouts/_messages.html.erb (Duration: 0.0ms | Allocations: 17)
  Rendered layouts/_footer.html.erb (Duration: 0.0ms | Allocations: 26)
Completed 200 OK in 65ms (Views: 64.2ms | ActiveRecord: 0.4ms | Allocations: 9018)


Started GET "/login" for ::1 at 2020-09-23 00:00:05 +0530
Processing by SessionsController#new as HTML
  Rendering sessions/new.html.erb within layouts/application
  Rendered sessions/new.html.erb within layouts/application (Duration: 1.5ms | Allocations: 768)
[Webpacker] Everything's up-to-date. Nothing to do
  Rendered layouts/_navigation.html.erb (Duration: 0.5ms | Allocations: 173)
  Rendered layouts/_messages.html.erb (Duration: 0.0ms | Allocations: 17)
  Rendered layouts/_footer.html.erb (Duration: 0.1ms | Allocations: 26)
Completed 200 OK in 69ms (Views: 65.2ms | ActiveRecord: 0.0ms | Allocations: 8860)


Started GET "/signup" for ::1 at 2020-09-23 00:00:16 +0530
Processing by UsersController#new as HTML
  Rendering users/new.html.erb within layouts/application
  Rendered shared/_errors.html.erb (Duration: 0.0ms | Allocations: 15)
  Rendered users/_form.html.erb (Duration: 2.7ms | Allocations: 981)
  Rendered users/new.html.erb within layouts/application (Duration: 3.4ms | Allocations: 1051)
[Webpacker] Everything's up-to-date. Nothing to do
  Rendered layouts/_navigation.html.erb (Duration: 0.2ms | Allocations: 172)
  Rendered layouts/_messages.html.erb (Duration: 0.1ms | Allocations: 17)
  Rendered layouts/_footer.html.erb (Duration: 0.0ms | Allocations: 26)
Completed 200 OK in 63ms (Views: 61.5ms | ActiveRecord: 0.0ms | Allocations: 8537)


Started GET "/articles" for ::1 at 2020-09-23 00:00:27 +0530
Processing by ArticlesController#index as HTML
  Rendering articles/index.html.erb within layouts/application
  [1m[35m (0.2ms)[0m  [1m[34mSELECT COUNT(*) FROM "articles"[0m
  ↳ app/views/articles/index.html.erb:4
  [1m[36mArticle Load (0.2ms)[0m  [1m[34mSELECT "articles".* FROM "articles" LIMIT ? OFFSET ?[0m  [["LIMIT", 5], ["OFFSET", 0]]
  ↳ app/views/articles/_article.html.erb:2
  Rendered articles/_article.html.erb (Duration: 2.3ms | Allocations: 660)
  Rendered articles/index.html.erb within layouts/application (Duration: 5.5ms | Allocations: 1452)
[Webpacker] Everything's up-to-date. Nothing to do
  Rendered layouts/_navigation.html.erb (Duration: 0.5ms | Allocations: 187)
  Rendered layouts/_messages.html.erb (Duration: 0.1ms | Allocations: 17)
  Rendered layouts/_footer.html.erb (Duration: 0.0ms | Allocations: 26)
Completed 200 OK in 68ms (Views: 66.8ms | ActiveRecord: 0.4ms | Allocations: 9024)


Started GET "/" for ::1 at 2020-09-23 00:00:34 +0530
Processing by PagesController#home as HTML
  Rendering pages/home.html.erb within layouts/application
  Rendered pages/home.html.erb within layouts/application (Duration: 0.1ms | Allocations: 49)
[Webpacker] Everything's up-to-date. Nothing to do
  Rendered layouts/_navigation.html.erb (Duration: 0.4ms | Allocations: 174)
  Rendered layouts/_messages.html.erb (Duration: 0.0ms | Allocations: 17)
  Rendered layouts/_footer.html.erb (Duration: 0.0ms | Allocations: 26)
Completed 200 OK in 60ms (Views: 58.3ms | ActiveRecord: 0.0ms | Allocations: 7519)


Started GET "/users" for ::1 at 2020-09-23 00:00:35 +0530
Processing by UsersController#index as HTML
  Rendering users/index.html.erb within layouts/application
  [1m[35m (0.3ms)[0m  [1m[34mSELECT COUNT(*) FROM "users"[0m
  ↳ app/views/users/index.html.erb:4
  [1m[36mUser Load (0.3ms)[0m  [1m[34mSELECT "users".* FROM "users" LIMIT ? OFFSET ?[0m  [["LIMIT", 5], ["OFFSET", 0]]
  ↳ app/views/users/index.html.erb:8
  Rendered users/index.html.erb within layouts/application (Duration: 7.4ms | Allocations: 1776)
[Webpacker] Everything's up-to-date. Nothing to do
  Rendered layouts/_navigation.html.erb (Duration: 0.2ms | Allocations: 188)
  Rendered layouts/_messages.html.erb (Duration: 0.0ms | Allocations: 17)
  Rendered layouts/_footer.html.erb (Duration: 0.0ms | Allocations: 26)
Completed 200 OK in 71ms (Views: 67.0ms | ActiveRecord: 0.5ms | Allocations: 9489)


Started GET "/" for ::1 at 2020-09-23 00:00:37 +0530
Processing by PagesController#home as HTML
  Rendering pages/home.html.erb within layouts/application
  Rendered pages/home.html.erb within layouts/application (Duration: 0.1ms | Allocations: 49)
[Webpacker] Everything's up-to-date. Nothing to do
  Rendered layouts/_navigation.html.erb (Duration: 0.2ms | Allocations: 174)
  Rendered layouts/_messages.html.erb (Duration: 0.0ms | Allocations: 17)
  Rendered layouts/_footer.html.erb (Duration: 0.0ms | Allocations: 26)
Completed 200 OK in 59ms (Views: 57.3ms | ActiveRecord: 0.0ms | Allocations: 7522)


Started GET "/" for ::1 at 2020-09-27 17:00:10 +0530
  [1m[35m (17.7ms)[0m  [1m[34mSELECT sqlite_version(*)[0m
  [1m[35m (0.4ms)[0m  [1m[34mSELECT "schema_migrations"."version" FROM "schema_migrations" ORDER BY "schema_migrations"."version" ASC[0m
Processing by PagesController#home as HTML
  Rendering pages/home.html.erb within layouts/application
  Rendered pages/home.html.erb within layouts/application (Duration: 5.8ms | Allocations: 416)
[Webpacker] Everything's up-to-date. Nothing to do
  Rendered layouts/_navigation.html.erb (Duration: 7.5ms | Allocations: 651)
  Rendered layouts/_messages.html.erb (Duration: 1.0ms | Allocations: 194)
  Rendered layouts/_footer.html.erb (Duration: 1.1ms | Allocations: 134)
Completed 200 OK in 281ms (Views: 256.1ms | ActiveRecord: 0.0ms | Allocations: 17919)


Started GET "/" for ::1 at 2020-09-28 18:51:10 +0530
  [1m[35m (17.6ms)[0m  [1m[34mSELECT sqlite_version(*)[0m
  [1m[35m (0.2ms)[0m  [1m[34mSELECT "schema_migrations"."version" FROM "schema_migrations" ORDER BY "schema_migrations"."version" ASC[0m
Processing by PagesController#home as HTML
  Rendering pages/home.html.erb within layouts/application
  Rendered pages/home.html.erb within layouts/application (Duration: 5.9ms | Allocations: 416)
[Webpacker] Everything's up-to-date. Nothing to do
  Rendered layouts/_navigation.html.erb (Duration: 1.2ms | Allocations: 651)
  Rendered layouts/_messages.html.erb (Duration: 0.6ms | Allocations: 194)
  Rendered layouts/_footer.html.erb (Duration: 0.8ms | Allocations: 134)
Completed 200 OK in 245ms (Views: 219.5ms | ActiveRecord: 0.0ms | Allocations: 18020)


Started GET "/signup" for ::1 at 2020-09-28 18:53:38 +0530
Processing by UsersController#new as HTML
  Rendering users/new.html.erb within layouts/application
  Rendered shared/_errors.html.erb (Duration: 0.6ms | Allocations: 199)
  Rendered users/_form.html.erb (Duration: 172.5ms | Allocations: 6625)
  Rendered users/new.html.erb within layouts/application (Duration: 176.1ms | Allocations: 6927)
[Webpacker] Everything's up-to-date. Nothing to do
  Rendered layouts/_navigation.html.erb (Duration: 0.2ms | Allocations: 172)
  Rendered layouts/_messages.html.erb (Duration: 0.1ms | Allocations: 17)
  Rendered layouts/_footer.html.erb (Duration: 0.0ms | Allocations: 26)
Completed 200 OK in 556ms (Views: 241.2ms | ActiveRecord: 1.0ms | Allocations: 22884)


Started GET "/" for ::1 at 2020-10-06 13:14:22 +0530
  [1m[35m (17.6ms)[0m  [1m[34mSELECT sqlite_version(*)[0m
  [1m[35m (0.7ms)[0m  [1m[34mSELECT "schema_migrations"."version" FROM "schema_migrations" ORDER BY "schema_migrations"."version" ASC[0m
Processing by PagesController#home as HTML
  Rendering pages/home.html.erb within layouts/application
  Rendered pages/home.html.erb within layouts/application (Duration: 7.5ms | Allocations: 416)
[Webpacker] Everything's up-to-date. Nothing to do
  Rendered layouts/_navigation.html.erb (Duration: 7.7ms | Allocations: 651)
  Rendered layouts/_messages.html.erb (Duration: 0.8ms | Allocations: 194)
  Rendered layouts/_footer.html.erb (Duration: 0.7ms | Allocations: 134)
Completed 200 OK in 344ms (Views: 310.3ms | ActiveRecord: 0.0ms | Allocations: 18010)


